11:36:01.599 [main] ERROR client.RestCientImpl - Response status: 404
11:36:36.738 [main] ERROR client.RestCientImpl - Response status: 404
11:37:56.086 [main] ERROR client.RestCientImpl - URI: http://localhost:8082//customer/passport/9100/100100.Response status: 404
13:42:19.032 [main] ERROR client.RestCientImpl - Parse response entity error
org.codehaus.jackson.map.JsonMappingException: No suitable constructor found for type [simple type, class domain.JsonData]: can not instantiate from JSON object (need to add/enable type information?)
 at [Source: java.io.StringReader@2a92d059; line: 1, column: 2]
	at org.codehaus.jackson.map.JsonMappingException.from(JsonMappingException.java:163) ~[jackson-mapper-asl-1.9.13.jar:1.9.13]
	at org.codehaus.jackson.map.deser.BeanDeserializer.deserializeFromObjectUsingNonDefault(BeanDeserializer.java:746) ~[jackson-mapper-asl-1.9.13.jar:1.9.13]
	at org.codehaus.jackson.map.deser.BeanDeserializer.deserializeFromObject(BeanDeserializer.java:683) ~[jackson-mapper-asl-1.9.13.jar:1.9.13]
	at org.codehaus.jackson.map.deser.BeanDeserializer.deserialize(BeanDeserializer.java:580) ~[jackson-mapper-asl-1.9.13.jar:1.9.13]
	at org.codehaus.jackson.map.ObjectMapper._readMapAndClose(ObjectMapper.java:2732) ~[jackson-mapper-asl-1.9.13.jar:1.9.13]
	at org.codehaus.jackson.map.ObjectMapper.readValue(ObjectMapper.java:1863) ~[jackson-mapper-asl-1.9.13.jar:1.9.13]
	at client.RestCientImpl.getCustomerByPassport(RestCientImpl.java:43) ~[bin/:na]
	at client.RestCientImplTest.testGetCustomerByPassport(RestCientImplTest.java:21) [bin/:na]
	at sun.reflect.NativeMethodAccessorImpl.invoke0(Native Method) ~[na:1.7.0_67]
	at sun.reflect.NativeMethodAccessorImpl.invoke(Unknown Source) ~[na:1.7.0_67]
	at sun.reflect.DelegatingMethodAccessorImpl.invoke(Unknown Source) ~[na:1.7.0_67]
	at java.lang.reflect.Method.invoke(Unknown Source) ~[na:1.7.0_67]
	at org.junit.runners.model.FrameworkMethod$1.runReflectiveCall(FrameworkMethod.java:47) [junit-4.11.jar:na]
	at org.junit.internal.runners.model.ReflectiveCallable.run(ReflectiveCallable.java:12) [junit-4.11.jar:na]
	at org.junit.runners.model.FrameworkMethod.invokeExplosively(FrameworkMethod.java:44) [junit-4.11.jar:na]
	at org.junit.internal.runners.statements.InvokeMethod.evaluate(InvokeMethod.java:17) [junit-4.11.jar:na]
	at org.junit.internal.runners.statements.RunBefores.evaluate(RunBefores.java:26) [junit-4.11.jar:na]
	at org.junit.runners.ParentRunner.runLeaf(ParentRunner.java:271) [junit-4.11.jar:na]
	at org.junit.runners.BlockJUnit4ClassRunner.runChild(BlockJUnit4ClassRunner.java:70) [junit-4.11.jar:na]
	at org.junit.runners.BlockJUnit4ClassRunner.runChild(BlockJUnit4ClassRunner.java:50) [junit-4.11.jar:na]
	at org.junit.runners.ParentRunner$3.run(ParentRunner.java:238) [junit-4.11.jar:na]
	at org.junit.runners.ParentRunner$1.schedule(ParentRunner.java:63) [junit-4.11.jar:na]
	at org.junit.runners.ParentRunner.runChildren(ParentRunner.java:236) [junit-4.11.jar:na]
	at org.junit.runners.ParentRunner.access$000(ParentRunner.java:53) [junit-4.11.jar:na]
	at org.junit.runners.ParentRunner$2.evaluate(ParentRunner.java:229) [junit-4.11.jar:na]
	at org.junit.runners.ParentRunner.run(ParentRunner.java:309) [junit-4.11.jar:na]
	at org.eclipse.jdt.internal.junit4.runner.JUnit4TestReference.run(JUnit4TestReference.java:50) [.cp/:na]
	at org.eclipse.jdt.internal.junit.runner.TestExecution.run(TestExecution.java:38) [.cp/:na]
	at org.eclipse.jdt.internal.junit.runner.RemoteTestRunner.runTests(RemoteTestRunner.java:459) [.cp/:na]
	at org.eclipse.jdt.internal.junit.runner.RemoteTestRunner.runTests(RemoteTestRunner.java:675) [.cp/:na]
	at org.eclipse.jdt.internal.junit.runner.RemoteTestRunner.run(RemoteTestRunner.java:382) [.cp/:na]
	at org.eclipse.jdt.internal.junit.runner.RemoteTestRunner.main(RemoteTestRunner.java:192) [.cp/:na]
13:43:58.208 [main] ERROR client.RestCientImpl - Parse response entity error
org.codehaus.jackson.map.JsonMappingException: No suitable constructor found for type [simple type, class domain.JsonData]: can not instantiate from JSON object (need to add/enable type information?)
 at [Source: java.io.StringReader@6a4e18a8; line: 1, column: 2]
	at org.codehaus.jackson.map.JsonMappingException.from(JsonMappingException.java:163) ~[jackson-mapper-asl-1.9.13.jar:1.9.13]
	at org.codehaus.jackson.map.deser.BeanDeserializer.deserializeFromObjectUsingNonDefault(BeanDeserializer.java:746) ~[jackson-mapper-asl-1.9.13.jar:1.9.13]
	at org.codehaus.jackson.map.deser.BeanDeserializer.deserializeFromObject(BeanDeserializer.java:683) ~[jackson-mapper-asl-1.9.13.jar:1.9.13]
	at org.codehaus.jackson.map.deser.BeanDeserializer.deserialize(BeanDeserializer.java:580) ~[jackson-mapper-asl-1.9.13.jar:1.9.13]
	at org.codehaus.jackson.map.ObjectMapper._readMapAndClose(ObjectMapper.java:2732) ~[jackson-mapper-asl-1.9.13.jar:1.9.13]
	at org.codehaus.jackson.map.ObjectMapper.readValue(ObjectMapper.java:1863) ~[jackson-mapper-asl-1.9.13.jar:1.9.13]
	at client.RestCientImpl.getCustomerByPassport(RestCientImpl.java:43) ~[bin/:na]
	at client.RestCientImplTest.testGetCustomerByPassport(RestCientImplTest.java:21) [bin/:na]
	at sun.reflect.NativeMethodAccessorImpl.invoke0(Native Method) ~[na:1.7.0_67]
	at sun.reflect.NativeMethodAccessorImpl.invoke(Unknown Source) ~[na:1.7.0_67]
	at sun.reflect.DelegatingMethodAccessorImpl.invoke(Unknown Source) ~[na:1.7.0_67]
	at java.lang.reflect.Method.invoke(Unknown Source) ~[na:1.7.0_67]
	at org.junit.runners.model.FrameworkMethod$1.runReflectiveCall(FrameworkMethod.java:47) [junit-4.11.jar:na]
	at org.junit.internal.runners.model.ReflectiveCallable.run(ReflectiveCallable.java:12) [junit-4.11.jar:na]
	at org.junit.runners.model.FrameworkMethod.invokeExplosively(FrameworkMethod.java:44) [junit-4.11.jar:na]
	at org.junit.internal.runners.statements.InvokeMethod.evaluate(InvokeMethod.java:17) [junit-4.11.jar:na]
	at org.junit.internal.runners.statements.RunBefores.evaluate(RunBefores.java:26) [junit-4.11.jar:na]
	at org.junit.runners.ParentRunner.runLeaf(ParentRunner.java:271) [junit-4.11.jar:na]
	at org.junit.runners.BlockJUnit4ClassRunner.runChild(BlockJUnit4ClassRunner.java:70) [junit-4.11.jar:na]
	at org.junit.runners.BlockJUnit4ClassRunner.runChild(BlockJUnit4ClassRunner.java:50) [junit-4.11.jar:na]
	at org.junit.runners.ParentRunner$3.run(ParentRunner.java:238) [junit-4.11.jar:na]
	at org.junit.runners.ParentRunner$1.schedule(ParentRunner.java:63) [junit-4.11.jar:na]
	at org.junit.runners.ParentRunner.runChildren(ParentRunner.java:236) [junit-4.11.jar:na]
	at org.junit.runners.ParentRunner.access$000(ParentRunner.java:53) [junit-4.11.jar:na]
	at org.junit.runners.ParentRunner$2.evaluate(ParentRunner.java:229) [junit-4.11.jar:na]
	at org.junit.runners.ParentRunner.run(ParentRunner.java:309) [junit-4.11.jar:na]
	at org.eclipse.jdt.internal.junit4.runner.JUnit4TestReference.run(JUnit4TestReference.java:50) [.cp/:na]
	at org.eclipse.jdt.internal.junit.runner.TestExecution.run(TestExecution.java:38) [.cp/:na]
	at org.eclipse.jdt.internal.junit.runner.RemoteTestRunner.runTests(RemoteTestRunner.java:459) [.cp/:na]
	at org.eclipse.jdt.internal.junit.runner.RemoteTestRunner.runTests(RemoteTestRunner.java:675) [.cp/:na]
	at org.eclipse.jdt.internal.junit.runner.RemoteTestRunner.run(RemoteTestRunner.java:382) [.cp/:na]
	at org.eclipse.jdt.internal.junit.runner.RemoteTestRunner.main(RemoteTestRunner.java:192) [.cp/:na]
13:44:52.454 [main] ERROR client.RestCientImpl - Parse response entity error
org.codehaus.jackson.map.exc.UnrecognizedPropertyException: Unrecognized field "errorStatus" (Class domain.JsonExceptionData), not marked as ignorable
 at [Source: java.io.StringReader@29a3caf2; line: 1, column: 238] (through reference chain: domain.JsonData["exception"]->domain.JsonExceptionData["errorStatus"])
	at org.codehaus.jackson.map.exc.UnrecognizedPropertyException.from(UnrecognizedPropertyException.java:53) ~[jackson-mapper-asl-1.9.13.jar:1.9.13]
	at org.codehaus.jackson.map.deser.StdDeserializationContext.unknownFieldException(StdDeserializationContext.java:267) ~[jackson-mapper-asl-1.9.13.jar:1.9.13]
	at org.codehaus.jackson.map.deser.std.StdDeserializer.reportUnknownProperty(StdDeserializer.java:673) ~[jackson-mapper-asl-1.9.13.jar:1.9.13]
	at org.codehaus.jackson.map.deser.std.StdDeserializer.handleUnknownProperty(StdDeserializer.java:659) ~[jackson-mapper-asl-1.9.13.jar:1.9.13]
	at org.codehaus.jackson.map.deser.BeanDeserializer.handleUnknownProperty(BeanDeserializer.java:1365) ~[jackson-mapper-asl-1.9.13.jar:1.9.13]
	at org.codehaus.jackson.map.deser.BeanDeserializer._handleUnknown(BeanDeserializer.java:725) ~[jackson-mapper-asl-1.9.13.jar:1.9.13]
	at org.codehaus.jackson.map.deser.BeanDeserializer.deserializeFromObject(BeanDeserializer.java:703) ~[jackson-mapper-asl-1.9.13.jar:1.9.13]
	at org.codehaus.jackson.map.deser.BeanDeserializer.deserialize(BeanDeserializer.java:580) ~[jackson-mapper-asl-1.9.13.jar:1.9.13]
	at org.codehaus.jackson.map.deser.SettableBeanProperty.deserialize(SettableBeanProperty.java:299) ~[jackson-mapper-asl-1.9.13.jar:1.9.13]
	at org.codehaus.jackson.map.deser.SettableBeanProperty$MethodProperty.deserializeAndSet(SettableBeanProperty.java:414) ~[jackson-mapper-asl-1.9.13.jar:1.9.13]
	at org.codehaus.jackson.map.deser.BeanDeserializer.deserializeFromObject(BeanDeserializer.java:697) ~[jackson-mapper-asl-1.9.13.jar:1.9.13]
	at org.codehaus.jackson.map.deser.BeanDeserializer.deserialize(BeanDeserializer.java:580) ~[jackson-mapper-asl-1.9.13.jar:1.9.13]
	at org.codehaus.jackson.map.ObjectMapper._readMapAndClose(ObjectMapper.java:2732) ~[jackson-mapper-asl-1.9.13.jar:1.9.13]
	at org.codehaus.jackson.map.ObjectMapper.readValue(ObjectMapper.java:1863) ~[jackson-mapper-asl-1.9.13.jar:1.9.13]
	at client.RestCientImpl.getCustomerByPassport(RestCientImpl.java:43) ~[bin/:na]
	at client.RestCientImplTest.testGetCustomerByPassport(RestCientImplTest.java:21) [bin/:na]
	at sun.reflect.NativeMethodAccessorImpl.invoke0(Native Method) ~[na:1.7.0_67]
	at sun.reflect.NativeMethodAccessorImpl.invoke(Unknown Source) ~[na:1.7.0_67]
	at sun.reflect.DelegatingMethodAccessorImpl.invoke(Unknown Source) ~[na:1.7.0_67]
	at java.lang.reflect.Method.invoke(Unknown Source) ~[na:1.7.0_67]
	at org.junit.runners.model.FrameworkMethod$1.runReflectiveCall(FrameworkMethod.java:47) [junit-4.11.jar:na]
	at org.junit.internal.runners.model.ReflectiveCallable.run(ReflectiveCallable.java:12) [junit-4.11.jar:na]
	at org.junit.runners.model.FrameworkMethod.invokeExplosively(FrameworkMethod.java:44) [junit-4.11.jar:na]
	at org.junit.internal.runners.statements.InvokeMethod.evaluate(InvokeMethod.java:17) [junit-4.11.jar:na]
	at org.junit.internal.runners.statements.RunBefores.evaluate(RunBefores.java:26) [junit-4.11.jar:na]
	at org.junit.runners.ParentRunner.runLeaf(ParentRunner.java:271) [junit-4.11.jar:na]
	at org.junit.runners.BlockJUnit4ClassRunner.runChild(BlockJUnit4ClassRunner.java:70) [junit-4.11.jar:na]
	at org.junit.runners.BlockJUnit4ClassRunner.runChild(BlockJUnit4ClassRunner.java:50) [junit-4.11.jar:na]
	at org.junit.runners.ParentRunner$3.run(ParentRunner.java:238) [junit-4.11.jar:na]
	at org.junit.runners.ParentRunner$1.schedule(ParentRunner.java:63) [junit-4.11.jar:na]
	at org.junit.runners.ParentRunner.runChildren(ParentRunner.java:236) [junit-4.11.jar:na]
	at org.junit.runners.ParentRunner.access$000(ParentRunner.java:53) [junit-4.11.jar:na]
	at org.junit.runners.ParentRunner$2.evaluate(ParentRunner.java:229) [junit-4.11.jar:na]
	at org.junit.runners.ParentRunner.run(ParentRunner.java:309) [junit-4.11.jar:na]
	at org.eclipse.jdt.internal.junit4.runner.JUnit4TestReference.run(JUnit4TestReference.java:50) [.cp/:na]
	at org.eclipse.jdt.internal.junit.runner.TestExecution.run(TestExecution.java:38) [.cp/:na]
	at org.eclipse.jdt.internal.junit.runner.RemoteTestRunner.runTests(RemoteTestRunner.java:459) [.cp/:na]
	at org.eclipse.jdt.internal.junit.runner.RemoteTestRunner.runTests(RemoteTestRunner.java:675) [.cp/:na]
	at org.eclipse.jdt.internal.junit.runner.RemoteTestRunner.run(RemoteTestRunner.java:382) [.cp/:na]
	at org.eclipse.jdt.internal.junit.runner.RemoteTestRunner.main(RemoteTestRunner.java:192) [.cp/:na]
13:46:06.653 [main] ERROR client.RestCientImpl - null: null
13:47:55.026 [main] ERROR client.RestCientImpl - null: null
13:48:33.491 [main] ERROR client.RestCientImpl - null: null
14:01:27.686 [main] ERROR client.RestCientImpl - Parse response entity error
org.codehaus.jackson.map.JsonMappingException: Can not deserialize instance of java.lang.String out of START_OBJECT token
 at [Source: java.io.StringReader@2d34f41e; line: 1, column: 2] (through reference chain: domain.JsonData["data"])
	at org.codehaus.jackson.map.JsonMappingException.from(JsonMappingException.java:163) ~[jackson-mapper-asl-1.9.13.jar:1.9.13]
	at org.codehaus.jackson.map.deser.StdDeserializationContext.mappingException(StdDeserializationContext.java:219) ~[jackson-mapper-asl-1.9.13.jar:1.9.13]
	at org.codehaus.jackson.map.deser.std.StringDeserializer.deserialize(StringDeserializer.java:44) ~[jackson-mapper-asl-1.9.13.jar:1.9.13]
	at org.codehaus.jackson.map.deser.std.StringDeserializer.deserialize(StringDeserializer.java:13) ~[jackson-mapper-asl-1.9.13.jar:1.9.13]
	at org.codehaus.jackson.map.deser.SettableBeanProperty.deserialize(SettableBeanProperty.java:299) ~[jackson-mapper-asl-1.9.13.jar:1.9.13]
	at org.codehaus.jackson.map.deser.SettableBeanProperty$MethodProperty.deserializeAndSet(SettableBeanProperty.java:414) ~[jackson-mapper-asl-1.9.13.jar:1.9.13]
	at org.codehaus.jackson.map.deser.BeanDeserializer.deserializeFromObject(BeanDeserializer.java:697) ~[jackson-mapper-asl-1.9.13.jar:1.9.13]
	at org.codehaus.jackson.map.deser.BeanDeserializer.deserialize(BeanDeserializer.java:580) ~[jackson-mapper-asl-1.9.13.jar:1.9.13]
	at org.codehaus.jackson.map.ObjectMapper._readMapAndClose(ObjectMapper.java:2732) ~[jackson-mapper-asl-1.9.13.jar:1.9.13]
	at org.codehaus.jackson.map.ObjectMapper.readValue(ObjectMapper.java:1863) ~[jackson-mapper-asl-1.9.13.jar:1.9.13]
	at client.RestCientImpl.getCustomerByPassport(RestCientImpl.java:43) ~[bin/:na]
	at client.RestCientImplTest.testGetCustomerByPassport(RestCientImplTest.java:21) [bin/:na]
	at sun.reflect.NativeMethodAccessorImpl.invoke0(Native Method) ~[na:1.7.0_67]
	at sun.reflect.NativeMethodAccessorImpl.invoke(Unknown Source) ~[na:1.7.0_67]
	at sun.reflect.DelegatingMethodAccessorImpl.invoke(Unknown Source) ~[na:1.7.0_67]
	at java.lang.reflect.Method.invoke(Unknown Source) ~[na:1.7.0_67]
	at org.junit.runners.model.FrameworkMethod$1.runReflectiveCall(FrameworkMethod.java:47) [junit-4.11.jar:na]
	at org.junit.internal.runners.model.ReflectiveCallable.run(ReflectiveCallable.java:12) [junit-4.11.jar:na]
	at org.junit.runners.model.FrameworkMethod.invokeExplosively(FrameworkMethod.java:44) [junit-4.11.jar:na]
	at org.junit.internal.runners.statements.InvokeMethod.evaluate(InvokeMethod.java:17) [junit-4.11.jar:na]
	at org.junit.internal.runners.statements.RunBefores.evaluate(RunBefores.java:26) [junit-4.11.jar:na]
	at org.junit.runners.ParentRunner.runLeaf(ParentRunner.java:271) [junit-4.11.jar:na]
	at org.junit.runners.BlockJUnit4ClassRunner.runChild(BlockJUnit4ClassRunner.java:70) [junit-4.11.jar:na]
	at org.junit.runners.BlockJUnit4ClassRunner.runChild(BlockJUnit4ClassRunner.java:50) [junit-4.11.jar:na]
	at org.junit.runners.ParentRunner$3.run(ParentRunner.java:238) [junit-4.11.jar:na]
	at org.junit.runners.ParentRunner$1.schedule(ParentRunner.java:63) [junit-4.11.jar:na]
	at org.junit.runners.ParentRunner.runChildren(ParentRunner.java:236) [junit-4.11.jar:na]
	at org.junit.runners.ParentRunner.access$000(ParentRunner.java:53) [junit-4.11.jar:na]
	at org.junit.runners.ParentRunner$2.evaluate(ParentRunner.java:229) [junit-4.11.jar:na]
	at org.junit.runners.ParentRunner.run(ParentRunner.java:309) [junit-4.11.jar:na]
	at org.eclipse.jdt.internal.junit4.runner.JUnit4TestReference.run(JUnit4TestReference.java:50) [.cp/:na]
	at org.eclipse.jdt.internal.junit.runner.TestExecution.run(TestExecution.java:38) [.cp/:na]
	at org.eclipse.jdt.internal.junit.runner.RemoteTestRunner.runTests(RemoteTestRunner.java:459) [.cp/:na]
	at org.eclipse.jdt.internal.junit.runner.RemoteTestRunner.runTests(RemoteTestRunner.java:675) [.cp/:na]
	at org.eclipse.jdt.internal.junit.runner.RemoteTestRunner.run(RemoteTestRunner.java:382) [.cp/:na]
	at org.eclipse.jdt.internal.junit.runner.RemoteTestRunner.main(RemoteTestRunner.java:192) [.cp/:na]
14:02:03.876 [main] ERROR client.RestCientImpl - Parse response entity error
org.codehaus.jackson.map.JsonMappingException: Can not deserialize instance of java.lang.String out of START_OBJECT token
 at [Source: java.io.StringReader@2a389b17; line: 1, column: 2] (through reference chain: domain.JsonData["data"])
	at org.codehaus.jackson.map.JsonMappingException.from(JsonMappingException.java:163) ~[jackson-mapper-asl-1.9.13.jar:1.9.13]
	at org.codehaus.jackson.map.deser.StdDeserializationContext.mappingException(StdDeserializationContext.java:219) ~[jackson-mapper-asl-1.9.13.jar:1.9.13]
	at org.codehaus.jackson.map.deser.std.StringDeserializer.deserialize(StringDeserializer.java:44) ~[jackson-mapper-asl-1.9.13.jar:1.9.13]
	at org.codehaus.jackson.map.deser.std.StringDeserializer.deserialize(StringDeserializer.java:13) ~[jackson-mapper-asl-1.9.13.jar:1.9.13]
	at org.codehaus.jackson.map.deser.SettableBeanProperty.deserialize(SettableBeanProperty.java:299) ~[jackson-mapper-asl-1.9.13.jar:1.9.13]
	at org.codehaus.jackson.map.deser.SettableBeanProperty$MethodProperty.deserializeAndSet(SettableBeanProperty.java:414) ~[jackson-mapper-asl-1.9.13.jar:1.9.13]
	at org.codehaus.jackson.map.deser.BeanDeserializer.deserializeFromObject(BeanDeserializer.java:697) ~[jackson-mapper-asl-1.9.13.jar:1.9.13]
	at org.codehaus.jackson.map.deser.BeanDeserializer.deserialize(BeanDeserializer.java:580) ~[jackson-mapper-asl-1.9.13.jar:1.9.13]
	at org.codehaus.jackson.map.ObjectMapper._readMapAndClose(ObjectMapper.java:2732) ~[jackson-mapper-asl-1.9.13.jar:1.9.13]
	at org.codehaus.jackson.map.ObjectMapper.readValue(ObjectMapper.java:1863) ~[jackson-mapper-asl-1.9.13.jar:1.9.13]
	at client.RestCientImpl.getCustomerByPassport(RestCientImpl.java:43) ~[bin/:na]
	at client.RestCientImplTest.testGetCustomerByPassport(RestCientImplTest.java:21) [bin/:na]
	at sun.reflect.NativeMethodAccessorImpl.invoke0(Native Method) ~[na:1.7.0_67]
	at sun.reflect.NativeMethodAccessorImpl.invoke(Unknown Source) ~[na:1.7.0_67]
	at sun.reflect.DelegatingMethodAccessorImpl.invoke(Unknown Source) ~[na:1.7.0_67]
	at java.lang.reflect.Method.invoke(Unknown Source) ~[na:1.7.0_67]
	at org.junit.runners.model.FrameworkMethod$1.runReflectiveCall(FrameworkMethod.java:47) [junit-4.11.jar:na]
	at org.junit.internal.runners.model.ReflectiveCallable.run(ReflectiveCallable.java:12) [junit-4.11.jar:na]
	at org.junit.runners.model.FrameworkMethod.invokeExplosively(FrameworkMethod.java:44) [junit-4.11.jar:na]
	at org.junit.internal.runners.statements.InvokeMethod.evaluate(InvokeMethod.java:17) [junit-4.11.jar:na]
	at org.junit.internal.runners.statements.RunBefores.evaluate(RunBefores.java:26) [junit-4.11.jar:na]
	at org.junit.runners.ParentRunner.runLeaf(ParentRunner.java:271) [junit-4.11.jar:na]
	at org.junit.runners.BlockJUnit4ClassRunner.runChild(BlockJUnit4ClassRunner.java:70) [junit-4.11.jar:na]
	at org.junit.runners.BlockJUnit4ClassRunner.runChild(BlockJUnit4ClassRunner.java:50) [junit-4.11.jar:na]
	at org.junit.runners.ParentRunner$3.run(ParentRunner.java:238) [junit-4.11.jar:na]
	at org.junit.runners.ParentRunner$1.schedule(ParentRunner.java:63) [junit-4.11.jar:na]
	at org.junit.runners.ParentRunner.runChildren(ParentRunner.java:236) [junit-4.11.jar:na]
	at org.junit.runners.ParentRunner.access$000(ParentRunner.java:53) [junit-4.11.jar:na]
	at org.junit.runners.ParentRunner$2.evaluate(ParentRunner.java:229) [junit-4.11.jar:na]
	at org.junit.runners.ParentRunner.run(ParentRunner.java:309) [junit-4.11.jar:na]
	at org.eclipse.jdt.internal.junit4.runner.JUnit4TestReference.run(JUnit4TestReference.java:50) [.cp/:na]
	at org.eclipse.jdt.internal.junit.runner.TestExecution.run(TestExecution.java:38) [.cp/:na]
	at org.eclipse.jdt.internal.junit.runner.RemoteTestRunner.runTests(RemoteTestRunner.java:459) [.cp/:na]
	at org.eclipse.jdt.internal.junit.runner.RemoteTestRunner.runTests(RemoteTestRunner.java:675) [.cp/:na]
	at org.eclipse.jdt.internal.junit.runner.RemoteTestRunner.run(RemoteTestRunner.java:382) [.cp/:na]
	at org.eclipse.jdt.internal.junit.runner.RemoteTestRunner.main(RemoteTestRunner.java:192) [.cp/:na]
14:05:48.884 [main] ERROR client.RestCientImpl - Parse response entity error
org.codehaus.jackson.map.JsonMappingException: Can not deserialize instance of java.lang.String out of START_OBJECT token
 at [Source: java.io.StringReader@2a389b17; line: 1, column: 2] (through reference chain: domain.JsonData["data"])
	at org.codehaus.jackson.map.JsonMappingException.from(JsonMappingException.java:163) ~[jackson-mapper-asl-1.9.13.jar:1.9.13]
	at org.codehaus.jackson.map.deser.StdDeserializationContext.mappingException(StdDeserializationContext.java:219) ~[jackson-mapper-asl-1.9.13.jar:1.9.13]
	at org.codehaus.jackson.map.deser.std.StringDeserializer.deserialize(StringDeserializer.java:44) ~[jackson-mapper-asl-1.9.13.jar:1.9.13]
	at org.codehaus.jackson.map.deser.std.StringDeserializer.deserialize(StringDeserializer.java:13) ~[jackson-mapper-asl-1.9.13.jar:1.9.13]
	at org.codehaus.jackson.map.deser.SettableBeanProperty.deserialize(SettableBeanProperty.java:299) ~[jackson-mapper-asl-1.9.13.jar:1.9.13]
	at org.codehaus.jackson.map.deser.SettableBeanProperty$MethodProperty.deserializeAndSet(SettableBeanProperty.java:414) ~[jackson-mapper-asl-1.9.13.jar:1.9.13]
	at org.codehaus.jackson.map.deser.BeanDeserializer.deserializeFromObject(BeanDeserializer.java:697) ~[jackson-mapper-asl-1.9.13.jar:1.9.13]
	at org.codehaus.jackson.map.deser.BeanDeserializer.deserialize(BeanDeserializer.java:580) ~[jackson-mapper-asl-1.9.13.jar:1.9.13]
	at org.codehaus.jackson.map.ObjectMapper._readMapAndClose(ObjectMapper.java:2732) ~[jackson-mapper-asl-1.9.13.jar:1.9.13]
	at org.codehaus.jackson.map.ObjectMapper.readValue(ObjectMapper.java:1863) ~[jackson-mapper-asl-1.9.13.jar:1.9.13]
	at client.RestCientImpl.getCustomerByPassport(RestCientImpl.java:44) ~[bin/:na]
	at client.RestCientImplTest.testGetCustomerByPassport(RestCientImplTest.java:21) [bin/:na]
	at sun.reflect.NativeMethodAccessorImpl.invoke0(Native Method) ~[na:1.7.0_67]
	at sun.reflect.NativeMethodAccessorImpl.invoke(Unknown Source) ~[na:1.7.0_67]
	at sun.reflect.DelegatingMethodAccessorImpl.invoke(Unknown Source) ~[na:1.7.0_67]
	at java.lang.reflect.Method.invoke(Unknown Source) ~[na:1.7.0_67]
	at org.junit.runners.model.FrameworkMethod$1.runReflectiveCall(FrameworkMethod.java:47) [junit-4.11.jar:na]
	at org.junit.internal.runners.model.ReflectiveCallable.run(ReflectiveCallable.java:12) [junit-4.11.jar:na]
	at org.junit.runners.model.FrameworkMethod.invokeExplosively(FrameworkMethod.java:44) [junit-4.11.jar:na]
	at org.junit.internal.runners.statements.InvokeMethod.evaluate(InvokeMethod.java:17) [junit-4.11.jar:na]
	at org.junit.internal.runners.statements.RunBefores.evaluate(RunBefores.java:26) [junit-4.11.jar:na]
	at org.junit.runners.ParentRunner.runLeaf(ParentRunner.java:271) [junit-4.11.jar:na]
	at org.junit.runners.BlockJUnit4ClassRunner.runChild(BlockJUnit4ClassRunner.java:70) [junit-4.11.jar:na]
	at org.junit.runners.BlockJUnit4ClassRunner.runChild(BlockJUnit4ClassRunner.java:50) [junit-4.11.jar:na]
	at org.junit.runners.ParentRunner$3.run(ParentRunner.java:238) [junit-4.11.jar:na]
	at org.junit.runners.ParentRunner$1.schedule(ParentRunner.java:63) [junit-4.11.jar:na]
	at org.junit.runners.ParentRunner.runChildren(ParentRunner.java:236) [junit-4.11.jar:na]
	at org.junit.runners.ParentRunner.access$000(ParentRunner.java:53) [junit-4.11.jar:na]
	at org.junit.runners.ParentRunner$2.evaluate(ParentRunner.java:229) [junit-4.11.jar:na]
	at org.junit.runners.ParentRunner.run(ParentRunner.java:309) [junit-4.11.jar:na]
	at org.eclipse.jdt.internal.junit4.runner.JUnit4TestReference.run(JUnit4TestReference.java:50) [.cp/:na]
	at org.eclipse.jdt.internal.junit.runner.TestExecution.run(TestExecution.java:38) [.cp/:na]
	at org.eclipse.jdt.internal.junit.runner.RemoteTestRunner.runTests(RemoteTestRunner.java:459) [.cp/:na]
	at org.eclipse.jdt.internal.junit.runner.RemoteTestRunner.runTests(RemoteTestRunner.java:675) [.cp/:na]
	at org.eclipse.jdt.internal.junit.runner.RemoteTestRunner.run(RemoteTestRunner.java:382) [.cp/:na]
	at org.eclipse.jdt.internal.junit.runner.RemoteTestRunner.main(RemoteTestRunner.java:192) [.cp/:na]
14:06:56.531 [main] ERROR client.RestCientImpl - null: null
14:09:50.059 [main] ERROR client.RestCientImpl - null: null
14:14:07.859 [main] ERROR client.RestCientImpl - Parse response entity error
org.codehaus.jackson.map.JsonMappingException: Can not deserialize instance of java.lang.String out of START_OBJECT token
 at [Source: java.io.StringReader@52ee41b; line: 1, column: 2] (through reference chain: domain.JsonData["data"])
	at org.codehaus.jackson.map.JsonMappingException.from(JsonMappingException.java:163) ~[jackson-mapper-asl-1.9.13.jar:1.9.13]
	at org.codehaus.jackson.map.deser.StdDeserializationContext.mappingException(StdDeserializationContext.java:219) ~[jackson-mapper-asl-1.9.13.jar:1.9.13]
	at org.codehaus.jackson.map.deser.std.StringDeserializer.deserialize(StringDeserializer.java:44) ~[jackson-mapper-asl-1.9.13.jar:1.9.13]
	at org.codehaus.jackson.map.deser.std.StringDeserializer.deserialize(StringDeserializer.java:13) ~[jackson-mapper-asl-1.9.13.jar:1.9.13]
	at org.codehaus.jackson.map.deser.SettableBeanProperty.deserialize(SettableBeanProperty.java:299) ~[jackson-mapper-asl-1.9.13.jar:1.9.13]
	at org.codehaus.jackson.map.deser.SettableBeanProperty$MethodProperty.deserializeAndSet(SettableBeanProperty.java:414) ~[jackson-mapper-asl-1.9.13.jar:1.9.13]
	at org.codehaus.jackson.map.deser.BeanDeserializer.deserializeFromObject(BeanDeserializer.java:697) ~[jackson-mapper-asl-1.9.13.jar:1.9.13]
	at org.codehaus.jackson.map.deser.BeanDeserializer.deserialize(BeanDeserializer.java:580) ~[jackson-mapper-asl-1.9.13.jar:1.9.13]
	at org.codehaus.jackson.map.ObjectMapper._readMapAndClose(ObjectMapper.java:2732) ~[jackson-mapper-asl-1.9.13.jar:1.9.13]
	at org.codehaus.jackson.map.ObjectMapper.readValue(ObjectMapper.java:1863) ~[jackson-mapper-asl-1.9.13.jar:1.9.13]
	at client.RestCientImpl.getCustomerByPassport(RestCientImpl.java:44) ~[bin/:na]
	at client.RestCientImplTest.testGetCustomerByPassport(RestCientImplTest.java:21) [bin/:na]
	at sun.reflect.NativeMethodAccessorImpl.invoke0(Native Method) ~[na:1.7.0_67]
	at sun.reflect.NativeMethodAccessorImpl.invoke(Unknown Source) ~[na:1.7.0_67]
	at sun.reflect.DelegatingMethodAccessorImpl.invoke(Unknown Source) ~[na:1.7.0_67]
	at java.lang.reflect.Method.invoke(Unknown Source) ~[na:1.7.0_67]
	at org.junit.runners.model.FrameworkMethod$1.runReflectiveCall(FrameworkMethod.java:47) [junit-4.11.jar:na]
	at org.junit.internal.runners.model.ReflectiveCallable.run(ReflectiveCallable.java:12) [junit-4.11.jar:na]
	at org.junit.runners.model.FrameworkMethod.invokeExplosively(FrameworkMethod.java:44) [junit-4.11.jar:na]
	at org.junit.internal.runners.statements.InvokeMethod.evaluate(InvokeMethod.java:17) [junit-4.11.jar:na]
	at org.junit.internal.runners.statements.RunBefores.evaluate(RunBefores.java:26) [junit-4.11.jar:na]
	at org.junit.runners.ParentRunner.runLeaf(ParentRunner.java:271) [junit-4.11.jar:na]
	at org.junit.runners.BlockJUnit4ClassRunner.runChild(BlockJUnit4ClassRunner.java:70) [junit-4.11.jar:na]
	at org.junit.runners.BlockJUnit4ClassRunner.runChild(BlockJUnit4ClassRunner.java:50) [junit-4.11.jar:na]
	at org.junit.runners.ParentRunner$3.run(ParentRunner.java:238) [junit-4.11.jar:na]
	at org.junit.runners.ParentRunner$1.schedule(ParentRunner.java:63) [junit-4.11.jar:na]
	at org.junit.runners.ParentRunner.runChildren(ParentRunner.java:236) [junit-4.11.jar:na]
	at org.junit.runners.ParentRunner.access$000(ParentRunner.java:53) [junit-4.11.jar:na]
	at org.junit.runners.ParentRunner$2.evaluate(ParentRunner.java:229) [junit-4.11.jar:na]
	at org.junit.runners.ParentRunner.run(ParentRunner.java:309) [junit-4.11.jar:na]
	at org.eclipse.jdt.internal.junit4.runner.JUnit4TestReference.run(JUnit4TestReference.java:50) [.cp/:na]
	at org.eclipse.jdt.internal.junit.runner.TestExecution.run(TestExecution.java:38) [.cp/:na]
	at org.eclipse.jdt.internal.junit.runner.RemoteTestRunner.runTests(RemoteTestRunner.java:459) [.cp/:na]
	at org.eclipse.jdt.internal.junit.runner.RemoteTestRunner.runTests(RemoteTestRunner.java:675) [.cp/:na]
	at org.eclipse.jdt.internal.junit.runner.RemoteTestRunner.run(RemoteTestRunner.java:382) [.cp/:na]
	at org.eclipse.jdt.internal.junit.runner.RemoteTestRunner.main(RemoteTestRunner.java:192) [.cp/:na]
14:26:52.787 [main] ERROR client.RestCientImpl - URI: http://localhost:8086/customer/passport/9100/100100.Response status: 406
14:37:40.996 [main] DEBUG client.RestCientImpl - Recieved {"data":{"id":1,"name":"Name 100","surname":"SurName 100","patronymic":"Patronic 100","passportNumber":"100100","passportSeries":"9100","birthDate":"2014-09-11"},"exception":{"status":-1,"exceptionClass":null,"exceptionMessage":null}}
14:37:41.057 [main] ERROR client.RestCientImpl - Parse response entity error
org.codehaus.jackson.map.JsonMappingException: Can not deserialize instance of java.lang.String out of START_OBJECT token
 at [Source: java.io.StringReader@5457487e; line: 1, column: 2] (through reference chain: domain.JsonData["data"])
	at org.codehaus.jackson.map.JsonMappingException.from(JsonMappingException.java:163) ~[jackson-mapper-asl-1.9.13.jar:1.9.13]
	at org.codehaus.jackson.map.deser.StdDeserializationContext.mappingException(StdDeserializationContext.java:219) ~[jackson-mapper-asl-1.9.13.jar:1.9.13]
	at org.codehaus.jackson.map.deser.std.StringDeserializer.deserialize(StringDeserializer.java:44) ~[jackson-mapper-asl-1.9.13.jar:1.9.13]
	at org.codehaus.jackson.map.deser.std.StringDeserializer.deserialize(StringDeserializer.java:13) ~[jackson-mapper-asl-1.9.13.jar:1.9.13]
	at org.codehaus.jackson.map.deser.SettableBeanProperty.deserialize(SettableBeanProperty.java:299) ~[jackson-mapper-asl-1.9.13.jar:1.9.13]
	at org.codehaus.jackson.map.deser.SettableBeanProperty$MethodProperty.deserializeAndSet(SettableBeanProperty.java:414) ~[jackson-mapper-asl-1.9.13.jar:1.9.13]
	at org.codehaus.jackson.map.deser.BeanDeserializer.deserializeFromObject(BeanDeserializer.java:697) ~[jackson-mapper-asl-1.9.13.jar:1.9.13]
	at org.codehaus.jackson.map.deser.BeanDeserializer.deserialize(BeanDeserializer.java:580) ~[jackson-mapper-asl-1.9.13.jar:1.9.13]
	at org.codehaus.jackson.map.ObjectMapper._readMapAndClose(ObjectMapper.java:2732) ~[jackson-mapper-asl-1.9.13.jar:1.9.13]
	at org.codehaus.jackson.map.ObjectMapper.readValue(ObjectMapper.java:1863) ~[jackson-mapper-asl-1.9.13.jar:1.9.13]
	at client.RestCientImpl.getCustomerByPassport(RestCientImpl.java:47) ~[bin/:na]
	at client.RestCientImplTest.testGetCustomerByPassport(RestCientImplTest.java:21) [bin/:na]
	at sun.reflect.NativeMethodAccessorImpl.invoke0(Native Method) ~[na:1.7.0_67]
	at sun.reflect.NativeMethodAccessorImpl.invoke(Unknown Source) ~[na:1.7.0_67]
	at sun.reflect.DelegatingMethodAccessorImpl.invoke(Unknown Source) ~[na:1.7.0_67]
	at java.lang.reflect.Method.invoke(Unknown Source) ~[na:1.7.0_67]
	at org.junit.runners.model.FrameworkMethod$1.runReflectiveCall(FrameworkMethod.java:47) [junit-4.11.jar:na]
	at org.junit.internal.runners.model.ReflectiveCallable.run(ReflectiveCallable.java:12) [junit-4.11.jar:na]
	at org.junit.runners.model.FrameworkMethod.invokeExplosively(FrameworkMethod.java:44) [junit-4.11.jar:na]
	at org.junit.internal.runners.statements.InvokeMethod.evaluate(InvokeMethod.java:17) [junit-4.11.jar:na]
	at org.junit.internal.runners.statements.RunBefores.evaluate(RunBefores.java:26) [junit-4.11.jar:na]
	at org.junit.runners.ParentRunner.runLeaf(ParentRunner.java:271) [junit-4.11.jar:na]
	at org.junit.runners.BlockJUnit4ClassRunner.runChild(BlockJUnit4ClassRunner.java:70) [junit-4.11.jar:na]
	at org.junit.runners.BlockJUnit4ClassRunner.runChild(BlockJUnit4ClassRunner.java:50) [junit-4.11.jar:na]
	at org.junit.runners.ParentRunner$3.run(ParentRunner.java:238) [junit-4.11.jar:na]
	at org.junit.runners.ParentRunner$1.schedule(ParentRunner.java:63) [junit-4.11.jar:na]
	at org.junit.runners.ParentRunner.runChildren(ParentRunner.java:236) [junit-4.11.jar:na]
	at org.junit.runners.ParentRunner.access$000(ParentRunner.java:53) [junit-4.11.jar:na]
	at org.junit.runners.ParentRunner$2.evaluate(ParentRunner.java:229) [junit-4.11.jar:na]
	at org.junit.runners.ParentRunner.run(ParentRunner.java:309) [junit-4.11.jar:na]
	at org.eclipse.jdt.internal.junit4.runner.JUnit4TestReference.run(JUnit4TestReference.java:50) [.cp/:na]
	at org.eclipse.jdt.internal.junit.runner.TestExecution.run(TestExecution.java:38) [.cp/:na]
	at org.eclipse.jdt.internal.junit.runner.RemoteTestRunner.runTests(RemoteTestRunner.java:459) [.cp/:na]
	at org.eclipse.jdt.internal.junit.runner.RemoteTestRunner.runTests(RemoteTestRunner.java:675) [.cp/:na]
	at org.eclipse.jdt.internal.junit.runner.RemoteTestRunner.run(RemoteTestRunner.java:382) [.cp/:na]
	at org.eclipse.jdt.internal.junit.runner.RemoteTestRunner.main(RemoteTestRunner.java:192) [.cp/:na]
14:40:15.973 [main] DEBUG client.RestCientImpl - Recieved {"data":{"id":1,"name":"Name 100","surname":"SurName 100","patronymic":"Patronic 100","passportNumber":"100100","passportSeries":"9100","birthDate":"2014-09-11"},"exception":{"status":-1,"exceptionClass":null,"exceptionMessage":null}}
14:42:30.428 [main] DEBUG client.RestCientImpl - Recieved {"data":{"id":1,"name":"Name 100","surname":"SurName 100","patronymic":"Patronic 100","passportNumber":"100100","passportSeries":"9100","birthDate":"2014-09-11"},"exception":{"status":-1,"exceptionClass":null,"exceptionMessage":null}}
14:43:32.838 [main] DEBUG client.RestCientImpl - Recieved {"data":{"id":1,"name":"Name 100","surname":"SurName 100","patronymic":"Patronic 100","passportNumber":"100100","passportSeries":"9100","birthDate":"2014-09-11"},"exception":{"status":-1,"exceptionClass":null,"exceptionMessage":null}}
14:43:33.190 [main] DEBUG client.RestCientImpl - Recieved {"data":{"id":1,"name":"Name 100","surname":"SurName 100","patronymic":"Patronic 100","passportNumber":"100100","passportSeries":"9100","birthDate":"2014-09-11"},"exception":{"status":-1,"exceptionClass":null,"exceptionMessage":null}}
14:45:13.815 [main] DEBUG client.RestCientImpl - Recieved {"data":{"id":1,"name":"Name 100","surname":"SurName 100","patronymic":"Patronic 100","passportNumber":"100100","passportSeries":"9100","birthDate":"2014-09-11"},"exception":{"status":-1,"exceptionClass":null,"exceptionMessage":null}}
14:45:14.116 [main] DEBUG client.RestCientImpl - Recieved {"data":{"id":1,"name":"Name 100","surname":"SurName 100","patronymic":"Patronic 100","passportNumber":"100100","passportSeries":"9100","birthDate":"2014-09-11"},"exception":{"status":-1,"exceptionClass":null,"exceptionMessage":null}}
14:50:23.924 [main] ERROR client.RestCientImpl - URI: http://localhost:8086/customer/passport/9102/100100.Response status: 500
14:50:24.274 [main] DEBUG client.RestCientImpl - Recieved {"data":{"id":1,"name":"Name 100","surname":"SurName 100","patronymic":"Patronic 100","passportNumber":"100100","passportSeries":"9100","birthDate":"2014-09-11"},"exception":{"status":-1,"exceptionClass":null,"exceptionMessage":null}}
14:58:42.542 [main] DEBUG client.RestCientImpl - Recieved {"data":null,"exception":{"status":1,"exceptionClass":"SqlException","exceptionMessage":"Not founded"}}
14:58:42.603 [main] ERROR client.RestCientImpl - SqlException: Not founded
14:58:43.124 [main] DEBUG client.RestCientImpl - Recieved {"data":{"id":1,"name":"Name 100","surname":"SurName 100","patronymic":"Patronic 100","passportNumber":"100100","passportSeries":"9100","birthDate":"2014-09-11"},"exception":{"status":-1,"exceptionClass":null,"exceptionMessage":null}}
15:52:15.712 [main] DEBUG client.RestCientImpl - Recieved {"data":null,"exception":{"status":1,"exceptionClass":"SqlException","exceptionMessage":"Not founded"}}
15:52:15.772 [main] ERROR client.RestCientImpl - SqlException: Not founded
15:52:16.306 [main] DEBUG client.RestCientImpl - Recieved {"data":{"id":1,"name":"Name 100","surname":"SurName 100","patronymic":"Patronic 100","passportNumber":"100100","passportSeries":"9100","birthDate":"2014-09-11"},"exception":{"status":-1,"exceptionClass":null,"exceptionMessage":null}}
15:59:36.859 [main] DEBUG client.RestCientImpl - Recieved {"data":null,"exception":{"status":1,"exceptionClass":"SqlException","exceptionMessage":"Not founded"}}
15:59:36.919 [main] ERROR client.RestCientImpl - SqlException: Not founded
15:59:37.444 [main] DEBUG client.RestCientImpl - Recieved {"data":{"id":1,"name":"Name 100","surname":"SurName 100","patronymic":"Patronic 100","passportNumber":"100100","passportSeries":"9100","birthDate":"2014-09-11"},"exception":{"status":-1,"exceptionClass":null,"exceptionMessage":null}}
15:59:38.149 [main] ERROR client.RestCientImpl - URI: http://localhost:8086/customer/new.Response status: 500
16:01:56.173 [main] DEBUG client.RestCientImpl - Recieved {"data":null,"exception":{"status":1,"exceptionClass":"SqlException","exceptionMessage":"Not founded"}}
16:01:56.232 [main] ERROR client.RestCientImpl - SqlException: Not founded
16:01:56.532 [main] DEBUG client.RestCientImpl - Recieved {"data":{"id":1,"name":"Name 100","surname":"SurName 100","patronymic":"Patronic 100","passportNumber":"100100","passportSeries":"9100","birthDate":"2014-09-11"},"exception":{"status":-1,"exceptionClass":null,"exceptionMessage":null}}
16:01:56.577 [main] DEBUG client.RestCientImpl - Mapped data: {"id":0,"name":"Name","surname":"surname","patronymic":null,"passportNumber":"140155","passportSeries":null,"birthDate":1413288116540}
16:01:56.930 [main] ERROR client.RestCientImpl - URI: http://localhost:8086/customer/new.Response status: 500
16:14:00.896 [main] DEBUG client.RestCientImpl - Recieved {"data":null,"exception":{"status":1,"exceptionClass":"SqlException","exceptionMessage":"Not founded"}}
16:14:00.962 [main] ERROR client.RestCientImpl - SqlException: Not founded
16:14:01.385 [main] DEBUG client.RestCientImpl - Recieved {"data":{"id":1,"name":"Name 100","surname":"SurName 100","patronymic":"Patronic 100","passportNumber":"100100","passportSeries":"9100","birthDate":"2014-09-11"},"exception":{"status":-1,"exceptionClass":null,"exceptionMessage":null}}
16:14:01.431 [main] DEBUG client.RestCientImpl - Mapped data: {"id":0,"name":"Name","surname":"surname","patronymic":null,"passportNumber":"1916","passportSeries":"146156","birthDate":1413288841393}
16:14:01.851 [main] ERROR client.RestCientImpl - URI: http://localhost:8087/customer/new.Response status: 500
16:20:04.258 [main] DEBUG client.RestCientImpl - Recieved {"data":null,"exception":{"status":1,"exceptionClass":"SqlException","exceptionMessage":"Not founded"}}
16:20:04.318 [main] ERROR client.RestCientImpl - SqlException: Not founded
16:20:04.839 [main] DEBUG client.RestCientImpl - Recieved {"data":{"id":1,"name":"Name 100","surname":"SurName 100","patronymic":"Patronic 100","passportNumber":"100100","passportSeries":"9100","birthDate":"2014-09-11"},"exception":{"status":-1,"exceptionClass":null,"exceptionMessage":null}}
16:20:04.882 [main] DEBUG client.RestCientImpl - Mapped data: {"id":0,"name":"Name","surname":"surname","patronymic":null,"passportNumber":"1011","passportSeries":"119139","birthDate":1413289204847}
16:20:05.409 [main] ERROR client.RestCientImpl - URI: http://localhost:8088/customer/new.Response status: 500
16:23:45.132 [main] DEBUG client.RestCientImpl - Mapped data: {"id":0,"name":"Name","surname":"surname","patronymic":null,"passportNumber":"176184","passportSeries":"1017","birthDate":1413289424786}
16:23:47.402 [main] ERROR client.RestCientImpl - URI: http://localhost:8088/customer/new.Response status: 500
16:26:47.043 [main] DEBUG client.RestCientImpl - Mapped data: {"id":0,"name":"Name","surname":"surname","patronymic":null,"passportNumber":"192111","passportSeries":"1112","birthDate":1413289606708}
16:26:49.334 [main] ERROR client.RestCientImpl - URI: http://localhost:8088/customer/new.Response status: 500
16:29:11.558 [main] DEBUG client.RestCientImpl - Mapped data: {"id":0,"name":"Name","surname":"surname","patronymic":null,"passportNumber":"155188","passportSeries":"1218","birthDate":1413289751208}
16:29:13.605 [main] DEBUG client.RestCientImpl - Recieved null
16:29:13.631 [main] DEBUG client.RestCientImpl - Recieved data is null
16:32:31.191 [main] DEBUG client.RestCientImpl - Mapped data: {"id":0,"name":"Name","surname":"surname","patronymic":null,"passportNumber":"112146","passportSeries":"1214","birthDate":1413289950841}
16:32:33.508 [main] ERROR client.RestCientImpl - URI: http://localhost:8088/customer/new.Response status: 500
16:33:36.377 [main] DEBUG client.RestCientImpl - Mapped data: {"id":0,"name":"Name","surname":"surname","patronymic":null,"passportNumber":"163152","passportSeries":"1314","birthDate":1413290016033}
16:33:38.664 [main] ERROR client.RestCientImpl - URI: http://localhost:8088/customer/new.Response status: 500
16:34:12.292 [main] DEBUG client.RestCientImpl - Mapped data: {"id":0,"name":"Name","surname":"surname","patronymic":null,"passportNumber":"132145","passportSeries":"1613","birthDate":1413290051929}
16:34:14.533 [main] ERROR client.RestCientImpl - URI: http://localhost:8088/customer/new.Response status: 500
16:37:03.399 [main] DEBUG client.RestCientImpl - Mapped data: {"id":0,"name":"Name","surname":"surname","patronymic":null,"passportNumber":"154177","passportSeries":"1917","birthDate":1413290223059}
16:37:06.156 [main] DEBUG client.RestCientImpl - Recieved {"data":"107","exception":{"status":-1,"exceptionClass":null,"exceptionMessage":null}}
16:39:22.347 [main] DEBUG client.RestCientImpl - Mapped data: {"id":0,"name":"Name","surname":"surname","patronymic":null,"passportNumber":"137147","passportSeries":"1112","birthDate":1413290362276}
16:39:38.692 [main] DEBUG client.RestCientImpl - Recieved {"data":null,"exception":{"status":1,"exceptionClass":"SqlException","exceptionMessage":"Not founded"}}
16:39:38.753 [main] ERROR client.RestCientImpl - SqlException: Not founded
16:39:39.345 [main] DEBUG client.RestCientImpl - Recieved {"data":{"id":1,"name":"Name 100","surname":"SurName 100","patronymic":"Patronic 100","passportNumber":"100100","passportSeries":"9100","birthDate":"2014-09-11"},"exception":{"status":-1,"exceptionClass":null,"exceptionMessage":null}}
16:39:39.389 [main] DEBUG client.RestCientImpl - Mapped data: {"id":0,"name":"Name","surname":"surname","patronymic":null,"passportNumber":"123122","passportSeries":"1611","birthDate":1413290379353}
16:39:39.994 [main] DEBUG client.RestCientImpl - Recieved {"data":"108","exception":{"status":-1,"exceptionClass":null,"exceptionMessage":null}}
